<?xml version="1.0" encoding="UTF-8"?>
<!-- Generated by org.testng.reporters.JUnitXMLReporter -->
<testsuite ignored="0" hostname="EC2AMAZ-S11DBRH" failures="0" tests="8" name="ModuleOneTesr" time="0.083" errors="0" timestamp="2023-12-08T07:13:44 GMT">
  <testcase classname="testScripts.SampleThreeTest" name="testfour" time="0.009"/>
  <testcase classname="testScripts.SampleThreeTest" name="testone" time="0.002"/>
  <testcase classname="testScripts.SampleThreeTest" name="testthree" time="0.002"/>
  <testcase classname="testScripts.SampleThreeTest" name="testtwo" time="0.002"/>
  <testcase classname="testScripts.SampleFourTest" name="testfour" time="0.002"/>
  <testcase classname="testScripts.SampleFourTest" name="testone" time="0.001"/>
  <testcase classname="testScripts.SampleFourTest" name="testthree" time="0.002"/>
  <testcase classname="testScripts.SampleFourTest" name="testtwo" time="0.002"/>
</testsuite> <!-- ModuleOneTesr -->
