<?xml version="1.0" encoding="UTF-8"?>
<testng-results ignored="0" total="8" passed="8" failed="0" skipped="0">
  <reporter-output>
  </reporter-output>
  <suite started-at="2023-12-08T07:13:44 GMT" name="SampleSuite" finished-at="2023-12-08T07:13:44 GMT" duration-ms="83">
    <groups>
      <group name="feature2">
        <method signature="SampleFourTest.testfour()[pri:0, instance:testScripts.SampleFourTest@2beee7ff]" name="testfour" class="testScripts.SampleFourTest"/>
        <method signature="SampleThreeTest.testthree()[pri:0, instance:testScripts.SampleThreeTest@306cf3ea]" name="testthree" class="testScripts.SampleThreeTest"/>
      </group> <!-- feature2 -->
      <group name="feature3">
        <method signature="SampleFourTest.testtwo()[pri:0, instance:testScripts.SampleFourTest@2beee7ff]" name="testtwo" class="testScripts.SampleFourTest"/>
      </group> <!-- feature3 -->
      <group name="feature1">
        <method signature="SampleFourTest.testthree()[pri:0, instance:testScripts.SampleFourTest@2beee7ff]" name="testthree" class="testScripts.SampleFourTest"/>
        <method signature="SampleThreeTest.testone()[pri:0, instance:testScripts.SampleThreeTest@306cf3ea]" name="testone" class="testScripts.SampleThreeTest"/>
      </group> <!-- feature1 -->
    </groups>
    <test started-at="2023-12-08T07:13:44 GMT" name="ModuleOneTesr" finished-at="2023-12-08T07:13:44 GMT" duration-ms="83">
      <class name="testScripts.SampleThreeTest">
        <test-method signature="testfour()[pri:0, instance:testScripts.SampleThreeTest@306cf3ea]" started-at="2023-12-08T07:13:44 GMT" name="testfour" finished-at="2023-12-08T07:13:44 GMT" duration-ms="9" status="PASS">
          <reporter-output>
          </reporter-output>
        </test-method> <!-- testfour -->
        <test-method signature="testone()[pri:0, instance:testScripts.SampleThreeTest@306cf3ea]" started-at="2023-12-08T07:13:44 GMT" name="testone" finished-at="2023-12-08T07:13:44 GMT" duration-ms="2" status="PASS">
          <reporter-output>
          </reporter-output>
        </test-method> <!-- testone -->
        <test-method signature="testthree()[pri:0, instance:testScripts.SampleThreeTest@306cf3ea]" started-at="2023-12-08T07:13:44 GMT" name="testthree" finished-at="2023-12-08T07:13:44 GMT" duration-ms="2" status="PASS">
          <reporter-output>
          </reporter-output>
        </test-method> <!-- testthree -->
        <test-method signature="testtwo()[pri:0, instance:testScripts.SampleThreeTest@306cf3ea]" started-at="2023-12-08T07:13:44 GMT" name="testtwo" finished-at="2023-12-08T07:13:44 GMT" duration-ms="2" status="PASS">
          <reporter-output>
          </reporter-output>
        </test-method> <!-- testtwo -->
      </class> <!-- testScripts.SampleThreeTest -->
      <class name="testScripts.SampleFourTest">
        <test-method signature="testfour()[pri:0, instance:testScripts.SampleFourTest@2beee7ff]" started-at="2023-12-08T07:13:44 GMT" name="testfour" finished-at="2023-12-08T07:13:44 GMT" duration-ms="2" status="PASS">
          <reporter-output>
          </reporter-output>
        </test-method> <!-- testfour -->
        <test-method signature="testone()[pri:0, instance:testScripts.SampleFourTest@2beee7ff]" started-at="2023-12-08T07:13:44 GMT" name="testone" finished-at="2023-12-08T07:13:44 GMT" duration-ms="1" status="PASS">
          <reporter-output>
          </reporter-output>
        </test-method> <!-- testone -->
        <test-method signature="testthree()[pri:0, instance:testScripts.SampleFourTest@2beee7ff]" started-at="2023-12-08T07:13:44 GMT" name="testthree" finished-at="2023-12-08T07:13:44 GMT" duration-ms="2" status="PASS">
          <reporter-output>
          </reporter-output>
        </test-method> <!-- testthree -->
        <test-method signature="testtwo()[pri:0, instance:testScripts.SampleFourTest@2beee7ff]" started-at="2023-12-08T07:13:44 GMT" name="testtwo" finished-at="2023-12-08T07:13:44 GMT" duration-ms="2" status="PASS">
          <reporter-output>
          </reporter-output>
        </test-method> <!-- testtwo -->
      </class> <!-- testScripts.SampleFourTest -->
    </test> <!-- ModuleOneTesr -->
  </suite> <!-- SampleSuite -->
</testng-results>
